0 info it worked if it ends with ok
1 verbose cli [ 'F:\\node.exe',
1 verbose cli   'F:\\node_modules\\npm\\bin\\npm-cli.js',
1 verbose cli   'start' ]
2 info using npm@3.10.10
3 info using node@v6.9.5
4 verbose run-script [ 'prestart', 'start', 'poststart' ]
5 info lifecycle minewars@1.0.0~prestart: minewars@1.0.0
6 silly lifecycle minewars@1.0.0~prestart: no script for prestart, continuing
7 info lifecycle minewars@1.0.0~start: minewars@1.0.0
8 verbose lifecycle minewars@1.0.0~start: unsafe-perm in lifecycle true
9 verbose lifecycle minewars@1.0.0~start: PATH: F:\node_modules\npm\bin\node-gyp-bin;F:\project\node_modules\.bin;C:\Users\Bartek\bin;F:\Git\mingw64\bin;F:\Git\usr\local\bin;F:\Git\usr\bin;F:\Git\usr\bin;F:\Git\mingw64\bin;F:\Git\usr\bin;C:\Users\Bartek\bin;E:\Borland\Bin;E:\Borland\Projects\Bpl;C:\ProgramData\Oracle\Java\javapath;C:\Windows\system32;C:\Windows;C:\Windows\System32\Wbem;C:\Windows\System32\WindowsPowerShell\v1.0;C:\Program Files (x86)\AMD\ATI.ACE\Core-Static;F:\;F:\Git\cmd;C:\Program Files\Java\jdk1.8.0_101\bin;C:\Users\Bartek\AppData\Roaming\npm;C:\Users\Bartek\Heroku\bin;F:\Git\usr\bin\vendor_perl;F:\Git\usr\bin\core_perl
10 verbose lifecycle minewars@1.0.0~start: CWD: F:\project
11 silly lifecycle minewars@1.0.0~start: Args: [ '/d /s /c', 'node app.js' ]
12 silly lifecycle minewars@1.0.0~start: Returned: code: 1  signal: null
13 info lifecycle minewars@1.0.0~start: Failed to exec start script
14 verbose stack Error: minewars@1.0.0 start: `node app.js`
14 verbose stack Exit status 1
14 verbose stack     at EventEmitter.<anonymous> (F:\node_modules\npm\lib\utils\lifecycle.js:255:16)
14 verbose stack     at emitTwo (events.js:106:13)
14 verbose stack     at EventEmitter.emit (events.js:191:7)
14 verbose stack     at ChildProcess.<anonymous> (F:\node_modules\npm\lib\utils\spawn.js:40:14)
14 verbose stack     at emitTwo (events.js:106:13)
14 verbose stack     at ChildProcess.emit (events.js:191:7)
14 verbose stack     at maybeClose (internal/child_process.js:877:16)
14 verbose stack     at Process.ChildProcess._handle.onexit (internal/child_process.js:226:5)
15 verbose pkgid minewars@1.0.0
16 verbose cwd F:\project
17 error Windows_NT 6.1.7601
18 error argv "F:\\node.exe" "F:\\node_modules\\npm\\bin\\npm-cli.js" "start"
19 error node v6.9.5
20 error npm  v3.10.10
21 error code ELIFECYCLE
22 error minewars@1.0.0 start: `node app.js`
22 error Exit status 1
23 error Failed at the minewars@1.0.0 start script 'node app.js'.
23 error Make sure you have the latest version of node.js and npm installed.
23 error If you do, this is most likely a problem with the minewars package,
23 error not with npm itself.
23 error Tell the author that this fails on your system:
23 error     node app.js
23 error You can get information on how to open an issue for this project with:
23 error     npm bugs minewars
23 error Or if that isn't available, you can get their info via:
23 error     npm owner ls minewars
23 error There is likely additional logging output above.
24 verbose exit [ 1, true ]
